<?xml version="1.0" encoding="UTF-8"?>
<!-- Generated by org.testng.reporters.JUnitXMLReporter -->
<testsuite ignored="0" hostname="Rasika" failures="3" tests="4" name="Test" time="43.566" errors="0" timestamp="2023-10-25T17:24:24 IST">
  <testcase classname="testLayer.LoginTest" name="validatevalidusernameandvalidpasswordTest" time="5.887"/>
  <testcase classname="testLayer.LoginTest" name="validateInvalidusernameandvalidpasswordTest" time="2.293">
    <failure type="java.lang.AssertionError" message="expected [Account Login] but found [My Account]">
      <![CDATA[java.lang.AssertionError: expected [Account Login] but found [My Account]
at testLayer.LoginTest.validateInvalidusernameandvalidpasswordTest(LoginTest.java:62)
at java.base/java.util.ArrayList.forEach(ArrayList.java:1511)
... Removed 33 stack frames]]>
    </failure>
  </testcase> <!-- validateInvalidusernameandvalidpasswordTest -->
  <testcase classname="testLayer.LoginTest" name="validatevalidusernameandInvalidpasswordTest" time="2.303">
    <failure type="java.lang.AssertionError" message="expected [Account Login] but found [My Account]">
      <![CDATA[java.lang.AssertionError: expected [Account Login] but found [My Account]
at testLayer.LoginTest.validatevalidusernameandInvalidpasswordTest(LoginTest.java:85)
at java.base/java.util.ArrayList.forEach(ArrayList.java:1511)
... Removed 33 stack frames]]>
    </failure>
  </testcase> <!-- validatevalidusernameandInvalidpasswordTest -->
  <testcase classname="testLayer.LoginTest" name="validateInvalidusernameandInvalidpasswordTest" time="2.44">
    <failure type="java.lang.AssertionError" message="expected [Account Login] but found [My Account]">
      <![CDATA[java.lang.AssertionError: expected [Account Login] but found [My Account]
at testLayer.LoginTest.validateInvalidusernameandInvalidpasswordTest(LoginTest.java:108)
at java.base/java.util.ArrayList.forEach(ArrayList.java:1511)
... Removed 33 stack frames]]>
    </failure>
  </testcase> <!-- validateInvalidusernameandInvalidpasswordTest -->
</testsuite> <!-- Test -->
