<?xml version="1.0" encoding="UTF-8"?>
<testng-results ignored="0" total="1" passed="1" failed="0" skipped="0">
  <reporter-output>
  </reporter-output>
  <suite started-at="2023-10-27T12:59:06 IST" name="Default suite" finished-at="2023-10-27T12:59:27 IST" duration-ms="21328">
    <groups>
    </groups>
    <test started-at="2023-10-27T12:59:06 IST" name="Default test" finished-at="2023-10-27T12:59:27 IST" duration-ms="21328">
      <class name="testLayer.ProductDetailPageTest">
        <test-method is-config="true" signature="setup()[pri:0, instance:testLayer.ProductDetailPageTest@1ea9f6af]" started-at="2023-10-27T12:59:06 IST" name="setup" finished-at="2023-10-27T12:59:21 IST" duration-ms="14404" status="PASS">
          <reporter-output>
          </reporter-output>
        </test-method> <!-- setup -->
        <test-method signature="validateproductdetailPage()[pri:0, instance:testLayer.ProductDetailPageTest@1ea9f6af]" started-at="2023-10-27T12:59:21 IST" name="validateproductdetailPage" finished-at="2023-10-27T12:59:27 IST" duration-ms="6799" status="PASS">
          <reporter-output>
          </reporter-output>
        </test-method> <!-- validateproductdetailPage -->
      </class> <!-- testLayer.ProductDetailPageTest -->
    </test> <!-- Default test -->
  </suite> <!-- Default suite -->
</testng-results>
